[debug] [2026-01-04T09:37:51.319Z] ----------------------------------------------------------------------
[debug] [2026-01-04T09:37:51.322Z] Command:       C:\nvm4w\nodejs\node.exe C:\Users\nimes\AppData\Roaming\npm\node_modules\firebase-tools\lib\bin\firebase.js init
[debug] [2026-01-04T09:37:51.322Z] CLI Version:   15.1.0
[debug] [2026-01-04T09:37:51.322Z] Platform:      win32
[debug] [2026-01-04T09:37:51.322Z] Node Version:  v20.15.1
[debug] [2026-01-04T09:37:51.322Z] Time:          Sun Jan 04 2026 15:07:51 GMT+0530 (India Standard Time)
[debug] [2026-01-04T09:37:51.322Z] ----------------------------------------------------------------------
[debug] 
[debug] [2026-01-04T09:37:51.324Z] >>> [apiv2][query] GET https://firebase-public.firebaseio.com/cli.json [none]
[info] 
     ######## #### ########  ######## ########     ###     ######  ########
     ##        ##  ##     ## ##       ##     ##  ##   ##  ##       ##
     ######    ##  ########  ######   ########  #########  ######  ######
     ##        ##  ##    ##  ##       ##     ## ##     ##       ## ##
     ##       #### ##     ## ######## ########  ##     ##  ######  ########

You're about to initialize a Firebase project in this directory:

  C:\PDSA\Project\pawbay

Before we get started, keep in mind:

  * You are currently outside your home directory

[debug] [2026-01-04T09:37:53.084Z] <<< [apiv2][status] GET https://firebase-public.firebaseio.com/cli.json 200
[debug] [2026-01-04T09:37:53.085Z] <<< [apiv2][body] GET https://firebase-public.firebaseio.com/cli.json {"cloudBuildErrorAfter":1594252800000,"cloudBuildWarnAfter":1590019200000,"defaultNode10After":1594252800000,"minVersion":"3.0.5","node8DeploysDisabledAfter":1613390400000,"node8RuntimeDisabledAfter":1615809600000,"node8WarnAfter":1600128000000}
[info] 
=== Project Setup
[info] 
[info] First, let's associate this project directory with a Firebase project.
[info] You can create multiple project aliases by running firebase use --add, 
[info] 
[debug] [2026-01-04T09:38:41.226Z] > command requires scopes: ["email","openid","https://www.googleapis.com/auth/cloudplatformprojects.readonly","https://www.googleapis.com/auth/firebase","https://www.googleapis.com/auth/cloud-platform"]
[debug] [2026-01-04T09:38:41.226Z] > authorizing via signed-in user (nimeshkolambage@gmail.com)
[debug] [2026-01-04T09:38:41.227Z] Checked if tokens are valid: false, expires at: 1760472229332
[debug] [2026-01-04T09:38:41.227Z] Checked if tokens are valid: false, expires at: 1760472229332
[debug] [2026-01-04T09:38:41.227Z] > refreshing access token with scopes: []
[debug] [2026-01-04T09:38:41.228Z] >>> [apiv2][query] POST https://www.googleapis.com/oauth2/v3/token [none]
[debug] [2026-01-04T09:38:41.228Z] >>> [apiv2][body] POST https://www.googleapis.com/oauth2/v3/token [omitted]
[debug] [2026-01-04T09:38:41.923Z] <<< [apiv2][status] POST https://www.googleapis.com/oauth2/v3/token 200
[debug] [2026-01-04T09:38:41.923Z] <<< [apiv2][body] POST https://www.googleapis.com/oauth2/v3/token [omitted]
[debug] [2026-01-04T09:38:41.931Z] >>> [apiv2][query] GET https://firebase.googleapis.com/v1beta1/projects pageSize=100
[debug] [2026-01-04T09:38:42.722Z] <<< [apiv2][status] GET https://firebase.googleapis.com/v1beta1/projects 200
[debug] [2026-01-04T09:38:42.722Z] <<< [apiv2][body] GET https://firebase.googleapis.com/v1beta1/projects [omitted]
[info] 
=== Dataconnect Setup
[info] i  dataconnect: ensuring required API firebasedataconnect.googleapis.com is enabled... 
[debug] [2026-01-04T09:38:55.633Z] Checked if tokens are valid: true, expires at: 1767523120923
[debug] [2026-01-04T09:38:55.633Z] Checked if tokens are valid: true, expires at: 1767523120923
[info] i  dataconnect: ensuring required API sqladmin.googleapis.com is enabled... 
[debug] [2026-01-04T09:38:55.633Z] Checked if tokens are valid: true, expires at: 1767523120923
[debug] [2026-01-04T09:38:55.633Z] Checked if tokens are valid: true, expires at: 1767523120923
[debug] [2026-01-04T09:38:55.633Z] >>> [apiv2][query] GET https://serviceusage.googleapis.com/v1/projects/vet-clinic-db-3b9ef/services/firebasedataconnect.googleapis.com [none]
[debug] [2026-01-04T09:38:55.633Z] >>> [apiv2][(partial)header] GET https://serviceusage.googleapis.com/v1/projects/vet-clinic-db-3b9ef/services/firebasedataconnect.googleapis.com x-goog-quota-user=projects/vet-clinic-db-3b9ef
[debug] [2026-01-04T09:38:55.634Z] >>> [apiv2][query] GET https://serviceusage.googleapis.com/v1/projects/vet-clinic-db-3b9ef/services/sqladmin.googleapis.com [none]
[debug] [2026-01-04T09:38:55.635Z] >>> [apiv2][(partial)header] GET https://serviceusage.googleapis.com/v1/projects/vet-clinic-db-3b9ef/services/sqladmin.googleapis.com x-goog-quota-user=projects/vet-clinic-db-3b9ef
[debug] [2026-01-04T09:38:57.644Z] <<< [apiv2][status] GET https://serviceusage.googleapis.com/v1/projects/vet-clinic-db-3b9ef/services/sqladmin.googleapis.com 200
[debug] [2026-01-04T09:38:57.644Z] <<< [apiv2][body] GET https://serviceusage.googleapis.com/v1/projects/vet-clinic-db-3b9ef/services/sqladmin.googleapis.com [omitted]
[warn] !  dataconnect: missing required API sqladmin.googleapis.com. Enabling now... 
[debug] [2026-01-04T09:38:57.645Z] Checked if tokens are valid: true, expires at: 1767523120923
[debug] [2026-01-04T09:38:57.645Z] Checked if tokens are valid: true, expires at: 1767523120923
[debug] [2026-01-04T09:38:57.646Z] >>> [apiv2][query] POST https://serviceusage.googleapis.com/v1/projects/vet-clinic-db-3b9ef/services/sqladmin.googleapis.com:enable [none]
[debug] [2026-01-04T09:38:57.646Z] >>> [apiv2][(partial)header] POST https://serviceusage.googleapis.com/v1/projects/vet-clinic-db-3b9ef/services/sqladmin.googleapis.com:enable x-goog-quota-user=projects/vet-clinic-db-3b9ef
[debug] [2026-01-04T09:38:57.686Z] <<< [apiv2][status] GET https://serviceusage.googleapis.com/v1/projects/vet-clinic-db-3b9ef/services/firebasedataconnect.googleapis.com 200
[debug] [2026-01-04T09:38:57.687Z] <<< [apiv2][body] GET https://serviceusage.googleapis.com/v1/projects/vet-clinic-db-3b9ef/services/firebasedataconnect.googleapis.com [omitted]
[warn] !  dataconnect: missing required API firebasedataconnect.googleapis.com. Enabling now... 
[debug] [2026-01-04T09:38:57.687Z] Checked if tokens are valid: true, expires at: 1767523120923
[debug] [2026-01-04T09:38:57.687Z] Checked if tokens are valid: true, expires at: 1767523120923
[debug] [2026-01-04T09:38:57.687Z] >>> [apiv2][query] POST https://serviceusage.googleapis.com/v1/projects/vet-clinic-db-3b9ef/services/firebasedataconnect.googleapis.com:enable [none]
[debug] [2026-01-04T09:38:57.687Z] >>> [apiv2][(partial)header] POST https://serviceusage.googleapis.com/v1/projects/vet-clinic-db-3b9ef/services/firebasedataconnect.googleapis.com:enable x-goog-quota-user=projects/vet-clinic-db-3b9ef
[debug] [2026-01-04T09:38:58.209Z] <<< [apiv2][status] POST https://serviceusage.googleapis.com/v1/projects/vet-clinic-db-3b9ef/services/firebasedataconnect.googleapis.com:enable 200
[debug] [2026-01-04T09:38:58.209Z] <<< [apiv2][body] POST https://serviceusage.googleapis.com/v1/projects/vet-clinic-db-3b9ef/services/firebasedataconnect.googleapis.com:enable [omitted]
[debug] [2026-01-04T09:38:59.441Z] <<< [apiv2][status] POST https://serviceusage.googleapis.com/v1/projects/vet-clinic-db-3b9ef/services/sqladmin.googleapis.com:enable 200
[debug] [2026-01-04T09:38:59.441Z] <<< [apiv2][body] POST https://serviceusage.googleapis.com/v1/projects/vet-clinic-db-3b9ef/services/sqladmin.googleapis.com:enable [omitted]
[debug] [2026-01-04T09:39:09.452Z] Checked if tokens are valid: true, expires at: 1767523120923
[debug] [2026-01-04T09:39:09.452Z] Checked if tokens are valid: true, expires at: 1767523120923
[debug] [2026-01-04T09:39:09.452Z] >>> [apiv2][query] GET https://firebasedataconnect.googleapis.com/v1/projects/vet-clinic-db-3b9ef/locations/-/services [none]
[debug] [2026-01-04T09:39:11.719Z] <<< [apiv2][status] GET https://firebasedataconnect.googleapis.com/v1/projects/vet-clinic-db-3b9ef/locations/-/services 200
[debug] [2026-01-04T09:39:11.719Z] <<< [apiv2][body] GET https://firebasedataconnect.googleapis.com/v1/projects/vet-clinic-db-3b9ef/locations/-/services {}
[info] i  : ensuring required API cloudaicompanion.googleapis.com is enabled... 
[debug] [2026-01-04T09:39:22.572Z] Checked if tokens are valid: true, expires at: 1767523120923
[debug] [2026-01-04T09:39:22.573Z] Checked if tokens are valid: true, expires at: 1767523120923
[debug] [2026-01-04T09:39:22.573Z] >>> [apiv2][query] GET https://serviceusage.googleapis.com/v1/projects/vet-clinic-db-3b9ef/services/cloudaicompanion.googleapis.com [none]
[debug] [2026-01-04T09:39:22.573Z] >>> [apiv2][(partial)header] GET https://serviceusage.googleapis.com/v1/projects/vet-clinic-db-3b9ef/services/cloudaicompanion.googleapis.com x-goog-quota-user=projects/vet-clinic-db-3b9ef
[debug] [2026-01-04T09:39:24.551Z] <<< [apiv2][status] GET https://serviceusage.googleapis.com/v1/projects/vet-clinic-db-3b9ef/services/cloudaicompanion.googleapis.com 200
[debug] [2026-01-04T09:39:24.551Z] <<< [apiv2][body] GET https://serviceusage.googleapis.com/v1/projects/vet-clinic-db-3b9ef/services/cloudaicompanion.googleapis.com [omitted]
[info] +  : required API cloudaicompanion.googleapis.com is enabled 
[debug] [2026-01-04T09:39:31.065Z] Checked if tokens are valid: true, expires at: 1767523120923
[debug] [2026-01-04T09:39:31.066Z] Checked if tokens are valid: true, expires at: 1767523120923
[debug] [2026-01-04T09:39:31.066Z] >>> [apiv2][query] GET https://cloudbilling.googleapis.com/v1/projects/vet-clinic-db-3b9ef/billingInfo [none]
[debug] [2026-01-04T09:39:32.748Z] <<< [apiv2][status] GET https://cloudbilling.googleapis.com/v1/projects/vet-clinic-db-3b9ef/billingInfo 200
[debug] [2026-01-04T09:39:32.748Z] <<< [apiv2][body] GET https://cloudbilling.googleapis.com/v1/projects/vet-clinic-db-3b9ef/billingInfo {"name":"projects/vet-clinic-db-3b9ef/billingInfo","projectId":"vet-clinic-db-3b9ef","billingAccountName":"","billingEnabled":false}
[debug] [2026-01-04T09:39:32.748Z] Checked if tokens are valid: true, expires at: 1767523120923
[debug] [2026-01-04T09:39:32.748Z] Checked if tokens are valid: true, expires at: 1767523120923
[debug] [2026-01-04T09:39:32.748Z] >>> [apiv2][query] GET https://monitoring.googleapis.com/v3/projects/vet-clinic-db-3b9ef/timeSeries/ filter=metric.type%3D%22serviceruntime.googleapis.com%2Fquota%2Fallocation%2Fusage%22+AND+metric.label.quota_metric+%3D+%22sqladmin.googleapis.com%2Ffdc_lifetime_free_trial_per_project%22&interval.endTime=2026-01-04T09%3A39%3A32.748Z&interval.startTime=2025-12-28T09%3A39%3A32.748Z
[debug] [2026-01-04T09:39:34.328Z] <<< [apiv2][status] GET https://monitoring.googleapis.com/v3/projects/vet-clinic-db-3b9ef/timeSeries/ 200
[debug] [2026-01-04T09:39:34.328Z] <<< [apiv2][body] GET https://monitoring.googleapis.com/v3/projects/vet-clinic-db-3b9ef/timeSeries/ {"unit":"1"}
[info] +  dataconnect: Detected existing apps . (android), . (web) 
[debug] [2026-01-04T09:39:45.010Z] Checked if tokens are valid: true, expires at: 1767523120923
[debug] [2026-01-04T09:39:45.011Z] Checked if tokens are valid: true, expires at: 1767523120923
[debug] [2026-01-04T09:39:45.011Z] >>> [apiv2][query] POST https://firebasedataconnect.googleapis.com/v1/projects/vet-clinic-db-3b9ef/locations/us-east4/services service_id=pawbay
[debug] [2026-01-04T09:39:45.011Z] >>> [apiv2][body] POST https://firebasedataconnect.googleapis.com/v1/projects/vet-clinic-db-3b9ef/locations/us-east4/services {"name":"projects/vet-clinic-db-3b9ef/locations/us-east4/services/pawbay"}
[debug] [2026-01-04T09:39:48.917Z] <<< [apiv2][status] POST https://firebasedataconnect.googleapis.com/v1/projects/vet-clinic-db-3b9ef/locations/us-east4/services 200
[debug] [2026-01-04T09:39:48.917Z] <<< [apiv2][body] POST https://firebasedataconnect.googleapis.com/v1/projects/vet-clinic-db-3b9ef/locations/us-east4/services {"name":"projects/vet-clinic-db-3b9ef/locations/us-east4/operations/operation-1767519587464-6478cb924f564-afd3130e-bfc504d1","metadata":{"@type":"type.googleapis.com/google.firebase.dataconnect.v1.OperationMetadata","createTime":"2026-01-04T09:39:49.382178072Z","target":"projects/vet-clinic-db-3b9ef/locations/us-east4/services/pawbay","verb":"create","requestedCancellation":false,"apiVersion":"v1"},"done":false}
[debug] [2026-01-04T09:39:48.918Z] Checked if tokens are valid: true, expires at: 1767523120923
[debug] [2026-01-04T09:39:48.918Z] Checked if tokens are valid: true, expires at: 1767523120923
[debug] [2026-01-04T09:39:48.918Z] >>> [apiv2][query] GET https://firebasedataconnect.googleapis.com/v1/projects/vet-clinic-db-3b9ef/locations/us-east4/operations/operation-1767519587464-6478cb924f564-afd3130e-bfc504d1 [none]
[debug] [2026-01-04T09:39:49.347Z] <<< [apiv2][status] GET https://firebasedataconnect.googleapis.com/v1/projects/vet-clinic-db-3b9ef/locations/us-east4/operations/operation-1767519587464-6478cb924f564-afd3130e-bfc504d1 200
[debug] [2026-01-04T09:39:49.347Z] <<< [apiv2][body] GET https://firebasedataconnect.googleapis.com/v1/projects/vet-clinic-db-3b9ef/locations/us-east4/operations/operation-1767519587464-6478cb924f564-afd3130e-bfc504d1 {"name":"projects/vet-clinic-db-3b9ef/locations/us-east4/operations/operation-1767519587464-6478cb924f564-afd3130e-bfc504d1","metadata":{"@type":"type.googleapis.com/google.firebase.dataconnect.v1.OperationMetadata","createTime":"2026-01-04T09:39:49.382178072Z","target":"projects/vet-clinic-db-3b9ef/locations/us-east4/services/pawbay","verb":"create","requestedCancellation":false,"apiVersion":"v1"},"done":false}
[debug] [2026-01-04T09:39:49.848Z] [LRO Poller] Retrying task index 0
[debug] [2026-01-04T09:39:49.848Z] Checked if tokens are valid: true, expires at: 1767523120923
[debug] [2026-01-04T09:39:49.848Z] Checked if tokens are valid: true, expires at: 1767523120923
[debug] [2026-01-04T09:39:49.849Z] >>> [apiv2][query] GET https://firebasedataconnect.googleapis.com/v1/projects/vet-clinic-db-3b9ef/locations/us-east4/operations/operation-1767519587464-6478cb924f564-afd3130e-bfc504d1 [none]
[debug] [2026-01-04T09:39:50.288Z] <<< [apiv2][status] GET https://firebasedataconnect.googleapis.com/v1/projects/vet-clinic-db-3b9ef/locations/us-east4/operations/operation-1767519587464-6478cb924f564-afd3130e-bfc504d1 200
[debug] [2026-01-04T09:39:50.288Z] <<< [apiv2][body] GET https://firebasedataconnect.googleapis.com/v1/projects/vet-clinic-db-3b9ef/locations/us-east4/operations/operation-1767519587464-6478cb924f564-afd3130e-bfc504d1 {"name":"projects/vet-clinic-db-3b9ef/locations/us-east4/operations/operation-1767519587464-6478cb924f564-afd3130e-bfc504d1","metadata":{"@type":"type.googleapis.com/google.firebase.dataconnect.v1.OperationMetadata","createTime":"2026-01-04T09:39:49.382178072Z","endTime":"2026-01-04T09:39:50.656727500Z","target":"projects/vet-clinic-db-3b9ef/locations/us-east4/services/pawbay","verb":"create","requestedCancellation":false,"apiVersion":"v1"},"done":true,"response":{"@type":"type.googleapis.com/google.firebase.dataconnect.v1.Service","name":"projects/vet-clinic-db-3b9ef/locations/us-east4/services/pawbay","createTime":"2026-01-04T09:39:49.376402272Z","updateTime":"2026-01-04T09:39:49.376402272Z","uid":"4407642c-1e4d-4dd0-a60e-89fa234a75d3","reconciling":false,"etag":"l6yMdUVffHaNTwjDfPG1Cu5u2I7Ie_9hX05GILaqZnw"}}
[debug] [2026-01-04T09:39:50.292Z] Checked if tokens are valid: true, expires at: 1767523120923
[debug] [2026-01-04T09:39:50.292Z] Checked if tokens are valid: true, expires at: 1767523120923
[debug] [2026-01-04T09:39:50.292Z] >>> [apiv2][query] POST https://cloudaicompanion.googleapis.com/v1beta/projects/vet-clinic-db-3b9ef/locations/global/instances/default:completeTask [none]
[debug] [2026-01-04T09:39:50.292Z] >>> [apiv2][body] POST https://cloudaicompanion.googleapis.com/v1beta/projects/vet-clinic-db-3b9ef/locations/global/instances/default:completeTask {"input":{"messages":[{"content":"ffff","author":"USER"}]},"experienceContext":{"experience":"/appeco/firebase/fdc-schema-generator"}}
[debug] [2026-01-04T09:39:56.957Z] <<< [apiv2][status] POST https://cloudaicompanion.googleapis.com/v1beta/projects/vet-clinic-db-3b9ef/locations/global/instances/default:completeTask 200
[debug] [2026-01-04T09:39:56.957Z] <<< [apiv2][body] POST https://cloudaicompanion.googleapis.com/v1beta/projects/vet-clinic-db-3b9ef/locations/global/instances/default:completeTask {"output":{"messages":[{"content":"```graphql\ntype User @table {\n  displayName: String!\n  createdAt: Timestamp!\n  email: String\n  photoUrl: String\n}\n\ntype Movie @table {\n  title: String!\n  year: Int!\n  createdAt: Timestamp!\n  summary: String\n  genres: [String]\n  runtime: Int\n}\n\ntype Watch @table {\n  user: User!\n  movie: Movie!\n  createdAt: Timestamp!\n  watchDate: Date!\n  location: String\n}\n\ntype Review @table {\n  movie: Movie!\n  user: User!\n  watch: Watch\n  rating: Int!\n  createdAt: Timestamp!\n  updatedAt: Timestamp!\n  review: String\n}\n\ntype List @table {\n  user: User!\n  name: String!\n  public: Boolean!\n  createdAt: Timestamp!\n  updatedAt: Timestamp!\n  description: String\n}\n\ntype ListMovie @table(key: [\"list\", \"movie\"]) {\n  list: List!\n  movie: Movie!\n  position: Int!\n  note: String\n}\n```\n"}]},"displayContext":{"additionalContext":{"@type":"type.googleapis.com/google.cloud.cloudaicompanion.v1main.FirebaseChatDisplayContext","firebaseFdcDisplayContext":{"schemaSyntaxError":""}}}}
[debug] [2026-01-04T09:39:56.959Z] Checked if tokens are valid: true, expires at: 1767523120923
[debug] [2026-01-04T09:39:56.959Z] Checked if tokens are valid: true, expires at: 1767523120923
[debug] [2026-01-04T09:39:56.959Z] >>> [apiv2][query] PATCH https://firebasedataconnect.googleapis.com/v1/projects/vet-clinic-db-3b9ef/locations/us-east4/services/pawbay/schemas/main allowMissing=true&validateOnly=false
[debug] [2026-01-04T09:39:56.959Z] >>> [apiv2][body] PATCH https://firebasedataconnect.googleapis.com/v1/projects/vet-clinic-db-3b9ef/locations/us-east4/services/pawbay/schemas/main {"name":"projects/vet-clinic-db-3b9ef/locations/us-east4/services/pawbay/schemas/main","datasources":[{"postgresql":{}}],"source":{"files":[{"path":"schema.gql","content":"type User @table {\n  displayName: String!\n  createdAt: Timestamp!\n  email: String\n  photoUrl: String\n}\n\ntype Movie @table {\n  title: String!\n  year: Int!\n  createdAt: Timestamp!\n  summary: String\n  genres: [String]\n  runtime: Int\n}\n\ntype Watch @table {\n  user: User!\n  movie: Movie!\n  createdAt: Timestamp!\n  watchDate: Date!\n  location: String\n}\n\ntype Review @table {\n  movie: Movie!\n  user: User!\n  watch: Watch\n  rating: Int!\n  createdAt: Timestamp!\n  updatedAt: Timestamp!\n  review: String\n}\n\ntype List @table {\n  user: User!\n  name: String!\n  public: Boolean!\n  createdAt: Timestamp!\n  updatedAt: Timestamp!\n  description: String\n}\n\ntype ListMovie @table(key: [\"list\", \"movie\"]) {\n  list: List!\n  movie: Movie!\n  position: Int!\n  note: String\n}"}]}}
[debug] [2026-01-04T09:39:59.217Z] <<< [apiv2][status] PATCH https://firebasedataconnect.googleapis.com/v1/projects/vet-clinic-db-3b9ef/locations/us-east4/services/pawbay/schemas/main 200
[debug] [2026-01-04T09:39:59.217Z] <<< [apiv2][body] PATCH https://firebasedataconnect.googleapis.com/v1/projects/vet-clinic-db-3b9ef/locations/us-east4/services/pawbay/schemas/main {"name":"projects/vet-clinic-db-3b9ef/locations/us-east4/operations/operation-1767519599600-6478cb9de250b-02a3a97c-07fc340b","metadata":{"@type":"type.googleapis.com/google.firebase.dataconnect.v1.OperationMetadata","createTime":"2026-01-04T09:39:59.668767319Z","target":"projects/vet-clinic-db-3b9ef/locations/us-east4/services/pawbay/schemas/main","verb":"update","requestedCancellation":false,"apiVersion":"v1"},"done":false}
[debug] [2026-01-04T09:39:59.217Z] Checked if tokens are valid: true, expires at: 1767523120923
[debug] [2026-01-04T09:39:59.217Z] Checked if tokens are valid: true, expires at: 1767523120923
[debug] [2026-01-04T09:39:59.218Z] >>> [apiv2][query] GET https://firebasedataconnect.googleapis.com/v1/projects/vet-clinic-db-3b9ef/locations/us-east4/operations/operation-1767519599600-6478cb9de250b-02a3a97c-07fc340b [none]
[debug] [2026-01-04T09:39:59.680Z] <<< [apiv2][status] GET https://firebasedataconnect.googleapis.com/v1/projects/vet-clinic-db-3b9ef/locations/us-east4/operations/operation-1767519599600-6478cb9de250b-02a3a97c-07fc340b 200
[debug] [2026-01-04T09:39:59.680Z] <<< [apiv2][body] GET https://firebasedataconnect.googleapis.com/v1/projects/vet-clinic-db-3b9ef/locations/us-east4/operations/operation-1767519599600-6478cb9de250b-02a3a97c-07fc340b {"name":"projects/vet-clinic-db-3b9ef/locations/us-east4/operations/operation-1767519599600-6478cb9de250b-02a3a97c-07fc340b","metadata":{"@type":"type.googleapis.com/google.firebase.dataconnect.v1.OperationMetadata","createTime":"2026-01-04T09:39:59.668767319Z","endTime":"2026-01-04T09:39:59.911461575Z","target":"projects/vet-clinic-db-3b9ef/locations/us-east4/services/pawbay/schemas/main","verb":"update","requestedCancellation":false,"apiVersion":"v1"},"done":true}
[debug] [2026-01-04T09:39:59.681Z] Checked if tokens are valid: true, expires at: 1767523120923
[debug] [2026-01-04T09:39:59.681Z] Checked if tokens are valid: true, expires at: 1767523120923
[debug] [2026-01-04T09:39:59.682Z] Checked if tokens are valid: true, expires at: 1767523120923
[debug] [2026-01-04T09:39:59.682Z] Checked if tokens are valid: true, expires at: 1767523120923
[debug] [2026-01-04T09:39:59.682Z] >>> [apiv2][query] POST https://cloudaicompanion.googleapis.com/v1beta/projects/vet-clinic-db-3b9ef/locations/global/instances/default:completeTask [none]
[debug] [2026-01-04T09:39:59.682Z] >>> [apiv2][body] POST https://cloudaicompanion.googleapis.com/v1beta/projects/vet-clinic-db-3b9ef/locations/global/instances/default:completeTask {"input":{"messages":[{"content":"Create 4 operations for an app using the instance schema with proper authentication.","author":"USER"}]},"experienceContext":{"experience":"/appeco/firebase/fdc-query-generator"},"clientContext":{"additionalContext":{"@type":"type.googleapis.com/google.cloud.cloudaicompanion.v1main.FirebaseChatRequestContext","fdcInfo":{"fdcServiceName":"projects/vet-clinic-db-3b9ef/locations/us-east4/services/pawbay","requiresQuery":true}}}}
[debug] [2026-01-04T09:39:59.682Z] >>> [apiv2][query] POST https://cloudaicompanion.googleapis.com/v1beta/projects/vet-clinic-db-3b9ef/locations/global/instances/default:completeTask [none]
[debug] [2026-01-04T09:39:59.682Z] >>> [apiv2][body] POST https://cloudaicompanion.googleapis.com/v1beta/projects/vet-clinic-db-3b9ef/locations/global/instances/default:completeTask {"input":{"messages":[{"content":"Create a mutation to populate the database with some seed data.","author":"USER"}]},"experienceContext":{"experience":"/appeco/firebase/fdc-query-generator"},"clientContext":{"additionalContext":{"@type":"type.googleapis.com/google.cloud.cloudaicompanion.v1main.FirebaseChatRequestContext","fdcInfo":{"fdcServiceName":"projects/vet-clinic-db-3b9ef/locations/us-east4/services/pawbay","requiresQuery":true}}}}
[debug] [2026-01-04T09:40:03.016Z] <<< [apiv2][status] POST https://cloudaicompanion.googleapis.com/v1beta/projects/vet-clinic-db-3b9ef/locations/global/instances/default:completeTask 200
[debug] [2026-01-04T09:40:03.016Z] <<< [apiv2][body] POST https://cloudaicompanion.googleapis.com/v1beta/projects/vet-clinic-db-3b9ef/locations/global/instances/default:completeTask {"output":{"messages":[{"content":"```graphql\nmutation CreateNewUser($displayName: String!, $email: String) @auth(level: USER) {\n  user_insert(data: { displayName: $displayName, email: $email, id_expr: \"uuidV4()\", createdAt_expr: \"request.time\" })\n}\n\nquery GetMyLists @auth(level: USER) {\n  lists(where: { userId: { eq_expr: \"auth.uid\" } }) {\n    id\n    name\n    description\n    public\n    createdAt\n    updatedAt\n  }\n}\n\nmutation CreateNewWatch($movieId: UUID!, $watchDate: Date!, $location: String) @auth(level: USER) {\n  watch_insert(data: { movieId: $movieId, userId_expr: \"auth.uid\", watchDate: $watchDate, createdAt_expr: \"request.time\", location: $location })\n}\n\nquery GetPublicMovies @auth(level: PUBLIC, insecureReason: \"This operation is safe to expose to the public\") {\n  movies {\n    id\n    title\n    year\n    summary\n    genres\n    runtime\n  }\n}\n```","author":"model"}]},"outputDataContext":{"additionalContext":{"@type":"type.googleapis.com/google.cloud.cloudaicompanion.v1main.ChatOutputDataContext","relatedContent":{}}},"attributionContext":{"citationMetadata":{}}}
[debug] [2026-01-04T09:40:07.256Z] <<< [apiv2][status] POST https://cloudaicompanion.googleapis.com/v1beta/projects/vet-clinic-db-3b9ef/locations/global/instances/default:completeTask 200
[debug] [2026-01-04T09:40:07.256Z] <<< [apiv2][body] POST https://cloudaicompanion.googleapis.com/v1beta/projects/vet-clinic-db-3b9ef/locations/global/instances/default:completeTask {"output":{"messages":[{"content":"```graphql\nmutation CreateDemoData @transaction @auth(level: PUBLIC, insecureReason: \"This mutation is safe to expose to the public\") {\n  user_insertMany(data: [\n    {\n      id: \"550e8400-e29b-41d4-a716-446655440000\",\n      displayName: \"demouser1\",\n      createdAt: \"2024-04-26T12:00:00Z\"\n    },\n    {\n      id: \"550e8400-e29b-41d4-a716-446655440001\",\n      displayName: \"demouser2\",\n      createdAt: \"2024-04-26T12:00:00Z\"\n    }\n  ])\n  movie_insertMany(data: [\n    {\n      id: \"550e8400-e29b-41d4-a716-446655440002\",\n      title: \"Example Movie 1\",\n      year: 2023,\n      createdAt: \"2024-04-26T12:00:00Z\"\n    },\n    {\n      id: \"550e8400-e29b-41d4-a716-446655440003\",\n      title: \"Example Movie 2\",\n      year: 2024,\n      createdAt: \"2024-04-26T12:00:00Z\"\n    }\n  ])\n  list_insertMany(data: [\n    {\n      id: \"550e8400-e29b-41d4-a716-446655440004\",\n      userId: \"550e8400-e29b-41d4-a716-446655440000\",\n      name: \"Demo List 1\",\n      public: true,\n      createdAt: \"2024-04-26T12:00:00Z\",\n      updatedAt: \"2024-04-26T12:00:00Z\"\n    },\n    {\n      id: \"550e8400-e29b-41d4-a716-446655440005\",\n      userId: \"550e8400-e29b-41d4-a716-446655440001\",\n      name: \"Demo List 2\",\n      public: false,\n      createdAt: \"2024-04-26T12:00:00Z\",\n      updatedAt: \"2024-04-26T12:00:00Z\"\n    }\n  ])\n  listMovie_insertMany(data: [\n    {\n      listId: \"550e8400-e29b-41d4-a716-446655440004\",\n      movieId: \"550e8400-e29b-41d4-a716-446655440002\",\n      position: 1\n    },\n    {\n      listId: \"550e8400-e29b-41d4-a716-446655440005\",\n      movieId: \"550e8400-e29b-41d4-a716-446655440003\",\n      position: 2\n    }\n  ])\n  watch_insertMany(data: [\n    {\n      id: \"550e8400-e29b-41d4-a716-446655440006\",\n      userId: \"550e8400-e29b-41d4-a716-446655440000\",\n      movieId: \"550e8400-e29b-41d4-a716-446655440002\",\n      watchDate: \"2024-04-26\",\n      createdAt: \"2024-04-26T12:00:00Z\"\n    },\n    {\n      id: \"550e8400-e29b-41d4-a716-446655440007\",\n      userId: \"550e8400-e29b-41d4-a716-446655440001\",\n      movieId: \"550e8400-e29b-41d4-a716-446655440003\",\n      watchDate: \"2024-04-27\",\n      createdAt: \"2024-04-26T12:00:00Z\"\n    }\n  ])\n  review_insertMany(data: [\n    {\n      id: \"550e8400-e29b-41d4-a716-446655440008\",\n      userId: \"550e8400-e29b-41d4-a716-446655440000\",\n      movieId: \"550e8400-e29b-41d4-a716-446655440002\",\n      rating: 5,\n      createdAt: \"2024-04-26T12:00:00Z\"\n    },\n    {\n      id: \"550e8400-e29b-41d4-a716-446655440009\",\n      userId: \"550e8400-e29b-41d4-a716-446655440001\",\n      movieId: \"550e8400-e29b-41d4-a716-446655440003\",\n      rating: 4,\n      createdAt: \"2024-04-26T12:00:00Z\"\n    }\n  ])\n}\n```","author":"model"}]},"outputDataContext":{"additionalContext":{"@type":"type.googleapis.com/google.cloud.cloudaicompanion.v1main.ChatOutputDataContext","relatedContent":{}}},"attributionContext":{"citationMetadata":{}}}
[info] +  Wrote dataconnect\dataconnect.yaml 
[info] +  Wrote dataconnect\seed_data.gql 
[info] +  Wrote dataconnect\schema\schema.gql 
[info] +  Wrote dataconnect\example\connector.yaml 
[info] +  Wrote dataconnect\example\queries.gql 
[info] +  Wrote dataconnect\example\connector.yaml 
[info] i  dataconnect: Installing the generated SDKs ... 
[info] i  dataconnect: downloading dataconnect-emulator-3.0.1.exe... {"metadata":{"emulator":{"name":"dataconnect"},"message":"downloading dataconnect-emulator-3.0.1.exe..."}}
[debug] [2026-01-04T09:40:07.295Z] >>> [apiv2][query] GET https://storage.googleapis.com/firemat-preview-drop/emulator/dataconnect-emulator-windows-amd64-v3.0.1 
[debug] [2026-01-04T09:40:07.971Z] <<< [apiv2][status] GET https://storage.googleapis.com/firemat-preview-drop/emulator/dataconnect-emulator-windows-amd64-v3.0.1 200
[debug] [2026-01-04T09:40:07.971Z] <<< [apiv2][body] GET https://storage.googleapis.com/firemat-preview-drop/emulator/dataconnect-emulator-windows-amd64-v3.0.1 [stream]
[debug] [2026-01-04T09:40:20.449Z] defaultcredentials: writing to file C:\Users\nimes\AppData\Roaming\firebase\nimeshkolambage_gmail_com_application_default_credentials.json
[info] +  dataconnect: Installed generated SDKs for . (web) 
[info] 
=== Firestore Setup
[info] i  firestore: ensuring required API firestore.googleapis.com is enabled... 
[debug] [2026-01-04T09:40:21.894Z] Checked if tokens are valid: true, expires at: 1767523120923
[debug] [2026-01-04T09:40:21.894Z] Checked if tokens are valid: true, expires at: 1767523120923
[debug] [2026-01-04T09:40:21.895Z] >>> [apiv2][query] GET https://serviceusage.googleapis.com/v1/projects/vet-clinic-db-3b9ef/services/firestore.googleapis.com [none]
[debug] [2026-01-04T09:40:21.895Z] >>> [apiv2][(partial)header] GET https://serviceusage.googleapis.com/v1/projects/vet-clinic-db-3b9ef/services/firestore.googleapis.com x-goog-quota-user=projects/vet-clinic-db-3b9ef
[debug] [2026-01-04T09:40:23.835Z] <<< [apiv2][status] GET https://serviceusage.googleapis.com/v1/projects/vet-clinic-db-3b9ef/services/firestore.googleapis.com 200
[debug] [2026-01-04T09:40:23.835Z] <<< [apiv2][body] GET https://serviceusage.googleapis.com/v1/projects/vet-clinic-db-3b9ef/services/firestore.googleapis.com [omitted]
[warn] !  firestore: missing required API firestore.googleapis.com. Enabling now... 
[debug] [2026-01-04T09:40:23.836Z] Checked if tokens are valid: true, expires at: 1767523120923
[debug] [2026-01-04T09:40:23.836Z] Checked if tokens are valid: true, expires at: 1767523120923
[debug] [2026-01-04T09:40:23.836Z] >>> [apiv2][query] POST https://serviceusage.googleapis.com/v1/projects/vet-clinic-db-3b9ef/services/firestore.googleapis.com:enable [none]
[debug] [2026-01-04T09:40:23.836Z] >>> [apiv2][(partial)header] POST https://serviceusage.googleapis.com/v1/projects/vet-clinic-db-3b9ef/services/firestore.googleapis.com:enable x-goog-quota-user=projects/vet-clinic-db-3b9ef
[debug] [2026-01-04T09:40:25.667Z] <<< [apiv2][status] POST https://serviceusage.googleapis.com/v1/projects/vet-clinic-db-3b9ef/services/firestore.googleapis.com:enable 200
[debug] [2026-01-04T09:40:25.667Z] <<< [apiv2][body] POST https://serviceusage.googleapis.com/v1/projects/vet-clinic-db-3b9ef/services/firestore.googleapis.com:enable [omitted]
[debug] [2026-01-04T09:40:35.676Z] Checked if tokens are valid: true, expires at: 1767523120923
[debug] [2026-01-04T09:40:35.676Z] Checked if tokens are valid: true, expires at: 1767523120923
[debug] [2026-01-04T09:40:35.677Z] >>> [apiv2][query] GET https://firestore.googleapis.com/v1/projects/vet-clinic-db-3b9ef/databases [none]
[debug] [2026-01-04T09:40:36.539Z] <<< [apiv2][status] GET https://firestore.googleapis.com/v1/projects/vet-clinic-db-3b9ef/databases 200
[debug] [2026-01-04T09:40:36.539Z] <<< [apiv2][body] GET https://firestore.googleapis.com/v1/projects/vet-clinic-db-3b9ef/databases {}
[debug] [2026-01-04T09:40:36.539Z] Checked if tokens are valid: true, expires at: 1767523120923
[debug] [2026-01-04T09:40:36.539Z] Checked if tokens are valid: true, expires at: 1767523120923
[debug] [2026-01-04T09:40:36.539Z] >>> [apiv2][query] GET https://firestore.googleapis.com/v1/projects/vet-clinic-db-3b9ef/locations [none]
[debug] [2026-01-04T09:40:36.761Z] <<< [apiv2][status] GET https://firestore.googleapis.com/v1/projects/vet-clinic-db-3b9ef/locations 200
[debug] [2026-01-04T09:40:36.761Z] <<< [apiv2][body] GET https://firestore.googleapis.com/v1/projects/vet-clinic-db-3b9ef/locations {"locations":[{"name":"projects/vet-clinic-db-3b9ef/locations/eur3","labels":{"appengine.googleapis.com/geo":"europe-west","cloud.googleapis.com/location":"eur3","cloud.googleapis.com/geo":"eur3"},"metadata":{"@type":"type.googleapis.com/google.firestore.admin.v1.LocationMetadata"},"locationId":"eur3","displayName":"Europe"},{"name":"projects/vet-clinic-db-3b9ef/locations/nam5","labels":{"appengine.googleapis.com/geo":"us-central","cloud.googleapis.com/location":"nam5","cloud.googleapis.com/geo":"nam5"},"metadata":{"@type":"type.googleapis.com/google.firestore.admin.v1.LocationMetadata"},"locationId":"nam5","displayName":"United States"},{"name":"projects/vet-clinic-db-3b9ef/locations/nam7","labels":{"cloud.googleapis.com/location":"nam7","cloud.googleapis.com/geo":"nam7"},"metadata":{"@type":"type.googleapis.com/google.firestore.admin.v1.LocationMetadata"},"locationId":"nam7","displayName":"United States"},{"name":"projects/vet-clinic-db-3b9ef/locations/africa-south1","labels":{"cloud.googleapis.com/location":"africa-south1","cloud.googleapis.com/region":"africa-south1"},"metadata":{"@type":"type.googleapis.com/google.firestore.admin.v1.LocationMetadata"},"locationId":"africa-south1","displayName":"Johannesburg"},{"name":"projects/vet-clinic-db-3b9ef/locations/asia-east1","labels":{"appengine.googleapis.com/region":"asia-east1","cloud.googleapis.com/location":"asia-east1","cloud.googleapis.com/region":"asia-east1"},"metadata":{"@type":"type.googleapis.com/google.firestore.admin.v1.LocationMetadata"},"locationId":"asia-east1","displayName":"Taiwan"},{"name":"projects/vet-clinic-db-3b9ef/locations/asia-east2","labels":{"appengine.googleapis.com/region":"asia-east2","cloud.googleapis.com/location":"asia-east2","cloud.googleapis.com/region":"asia-east2"},"metadata":{"@type":"type.googleapis.com/google.firestore.admin.v1.LocationMetadata"},"locationId":"asia-east2","displayName":"Hong Kong"},{"name":"projects/vet-clinic-db-3b9ef/locations/asia-northeast1","labels":{"appengine.googleapis.com/region":"asia-northeast1","cloud.googleapis.com/location":"asia-northeast1","cloud.googleapis.com/region":"asia-northeast1"},"metadata":{"@type":"type.googleapis.com/google.firestore.admin.v1.LocationMetadata"},"locationId":"asia-northeast1","displayName":"Tokyo"},{"name":"projects/vet-clinic-db-3b9ef/locations/asia-northeast2","labels":{"appengine.googleapis.com/region":"asia-northeast2","cloud.googleapis.com/location":"asia-northeast2","cloud.googleapis.com/region":"asia-northeast2"},"metadata":{"@type":"type.googleapis.com/google.firestore.admin.v1.LocationMetadata"},"locationId":"asia-northeast2","displayName":"Osaka"},{"name":"projects/vet-clinic-db-3b9ef/locations/asia-northeast3","labels":{"appengine.googleapis.com/region":"asia-northeast3","cloud.googleapis.com/location":"asia-northeast3","cloud.googleapis.com/region":"asia-northeast3"},"metadata":{"@type":"type.googleapis.com/google.firestore.admin.v1.LocationMetadata"},"locationId":"asia-northeast3","displayName":"Seoul"},{"name":"projects/vet-clinic-db-3b9ef/locations/asia-south1","labels":{"appengine.googleapis.com/region":"asia-south1","cloud.googleapis.com/location":"asia-south1","cloud.googleapis.com/region":"asia-south1"},"metadata":{"@type":"type.googleapis.com/google.firestore.admin.v1.LocationMetadata"},"locationId":"asia-south1","displayName":"Mumbai"},{"name":"projects/vet-clinic-db-3b9ef/locations/asia-south2","labels":{"cloud.googleapis.com/location":"asia-south2","cloud.googleapis.com/region":"asia-south2"},"metadata":{"@type":"type.googleapis.com/google.firestore.admin.v1.LocationMetadata"},"locationId":"asia-south2","displayName":"Delhi"},{"name":"projects/vet-clinic-db-3b9ef/locations/asia-southeast1","labels":{"appengine.googleapis.com/region":"asia-southeast1","cloud.googleapis.com/location":"asia-southeast1","cloud.googleapis.com/region":"asia-southeast1"},"metadata":{"@type":"type.googleapis.com/google.firestore.admin.v1.LocationMetadata"},"locationId":"asia-southeast1","displayName":"Singapore"},{"name":"projects/vet-clinic-db-3b9ef/locations/asia-southeast2","labels":{"appengine.googleapis.com/region":"asia-southeast2","cloud.googleapis.com/location":"asia-southeast2","cloud.googleapis.com/region":"asia-southeast2"},"metadata":{"@type":"type.googleapis.com/google.firestore.admin.v1.LocationMetadata"},"locationId":"asia-southeast2","displayName":"Jakarta"},{"name":"projects/vet-clinic-db-3b9ef/locations/australia-southeast1","labels":{"appengine.googleapis.com/region":"australia-southeast1","cloud.googleapis.com/location":"australia-southeast1","cloud.googleapis.com/region":"australia-southeast1"},"metadata":{"@type":"type.googleapis.com/google.firestore.admin.v1.LocationMetadata"},"locationId":"australia-southeast1","displayName":"Sydney"},{"name":"projects/vet-clinic-db-3b9ef/locations/australia-southeast2","labels":{"cloud.googleapis.com/location":"australia-southeast2","cloud.googleapis.com/region":"australia-southeast2"},"metadata":{"@type":"type.googleapis.com/google.firestore.admin.v1.LocationMetadata"},"locationId":"australia-southeast2","displayName":"Melbourne"},{"name":"projects/vet-clinic-db-3b9ef/locations/europe-central2","labels":{"appengine.googleapis.com/region":"europe-central2","cloud.googleapis.com/location":"europe-central2","cloud.googleapis.com/region":"europe-central2"},"metadata":{"@type":"type.googleapis.com/google.firestore.admin.v1.LocationMetadata"},"locationId":"europe-central2","displayName":"Warsaw"},{"name":"projects/vet-clinic-db-3b9ef/locations/europe-north1","labels":{"cloud.googleapis.com/location":"europe-north1","cloud.googleapis.com/region":"europe-north1"},"metadata":{"@type":"type.googleapis.com/google.firestore.admin.v1.LocationMetadata"},"locationId":"europe-north1","displayName":"Finland"},{"name":"projects/vet-clinic-db-3b9ef/locations/europe-north2","labels":{"cloud.googleapis.com/location":"europe-north2","cloud.googleapis.com/region":"europe-north2"},"metadata":{"@type":"type.googleapis.com/google.firestore.admin.v1.LocationMetadata"},"locationId":"europe-north2","displayName":"Stockholm"},{"name":"projects/vet-clinic-db-3b9ef/locations/europe-southwest1","labels":{"cloud.googleapis.com/location":"europe-southwest1","cloud.googleapis.com/region":"europe-southwest1"},"metadata":{"@type":"type.googleapis.com/google.firestore.admin.v1.LocationMetadata"},"locationId":"europe-southwest1","displayName":"Madrid"},{"name":"projects/vet-clinic-db-3b9ef/locations/europe-west1","labels":{"cloud.googleapis.com/location":"europe-west1","cloud.googleapis.com/region":"europe-west1"},"metadata":{"@type":"type.googleapis.com/google.firestore.admin.v1.LocationMetadata"},"locationId":"europe-west1","displayName":"Belgium"},{"name":"projects/vet-clinic-db-3b9ef/locations/europe-west10","labels":{"cloud.googleapis.com/location":"europe-west10","cloud.googleapis.com/region":"europe-west10"},"metadata":{"@type":"type.googleapis.com/google.firestore.admin.v1.LocationMetadata"},"locationId":"europe-west10","displayName":"Berlin"},{"name":"projects/vet-clinic-db-3b9ef/locations/europe-west12","labels":{"cloud.googleapis.com/location":"europe-west12","cloud.googleapis.com/region":"europe-west12"},"metadata":{"@type":"type.googleapis.com/google.firestore.admin.v1.LocationMetadata"},"locationId":"europe-west12","displayName":"Turin"},{"name":"projects/vet-clinic-db-3b9ef/locations/europe-west2","labels":{"appengine.googleapis.com/region":"europe-west2","cloud.googleapis.com/location":"europe-west2","cloud.googleapis.com/region":"europe-west2"},"metadata":{"@type":"type.googleapis.com/google.firestore.admin.v1.LocationMetadata"},"locationId":"europe-west2","displayName":"London"},{"name":"projects/vet-clinic-db-3b9ef/locations/europe-west3","labels":{"appengine.googleapis.com/region":"europe-west3","cloud.googleapis.com/location":"europe-west3","cloud.googleapis.com/region":"europe-west3"},"metadata":{"@type":"type.googleapis.com/google.firestore.admin.v1.LocationMetadata"},"locationId":"europe-west3","displayName":"Frankfurt"},{"name":"projects/vet-clinic-db-3b9ef/locations/europe-west4","labels":{"cloud.googleapis.com/location":"europe-west4","cloud.googleapis.com/region":"europe-west4"},"metadata":{"@type":"type.googleapis.com/google.firestore.admin.v1.LocationMetadata"},"locationId":"europe-west4","displayName":"Netherlands"},{"name":"projects/vet-clinic-db-3b9ef/locations/europe-west6","labels":{"appengine.googleapis.com/region":"europe-west6","cloud.googleapis.com/location":"europe-west6","cloud.googleapis.com/region":"europe-west6"},"metadata":{"@type":"type.googleapis.com/google.firestore.admin.v1.LocationMetadata"},"locationId":"europe-west6","displayName":"Zurich"},{"name":"projects/vet-clinic-db-3b9ef/locations/europe-west8","labels":{"cloud.googleapis.com/location":"europe-west8","cloud.googleapis.com/region":"europe-west8"},"metadata":{"@type":"type.googleapis.com/google.firestore.admin.v1.LocationMetadata"},"locationId":"europe-west8","displayName":"Milan"},{"name":"projects/vet-clinic-db-3b9ef/locations/europe-west9","labels":{"cloud.googleapis.com/location":"europe-west9","cloud.googleapis.com/region":"europe-west9"},"metadata":{"@type":"type.googleapis.com/google.firestore.admin.v1.LocationMetadata"},"locationId":"europe-west9","displayName":"Paris"},{"name":"projects/vet-clinic-db-3b9ef/locations/me-central1","labels":{"cloud.googleapis.com/location":"me-central1","cloud.googleapis.com/region":"me-central1"},"metadata":{"@type":"type.googleapis.com/google.firestore.admin.v1.LocationMetadata"},"locationId":"me-central1","displayName":"Doha"},{"name":"projects/vet-clinic-db-3b9ef/locations/me-central2","labels":{"cloud.googleapis.com/location":"me-central2","cloud.googleapis.com/region":"me-central2"},"metadata":{"@type":"type.googleapis.com/google.firestore.admin.v1.LocationMetadata"},"locationId":"me-central2","displayName":"Dammam"},{"name":"projects/vet-clinic-db-3b9ef/locations/me-west1","labels":{"cloud.googleapis.com/location":"me-west1","cloud.googleapis.com/region":"me-west1"},"metadata":{"@type":"type.googleapis.com/google.firestore.admin.v1.LocationMetadata"},"locationId":"me-west1","displayName":"Tel Aviv"},{"name":"projects/vet-clinic-db-3b9ef/locations/northamerica-northeast1","labels":{"appengine.googleapis.com/region":"northamerica-northeast1","cloud.googleapis.com/location":"northamerica-northeast1","cloud.googleapis.com/region":"northamerica-northeast1"},"metadata":{"@type":"type.googleapis.com/google.firestore.admin.v1.LocationMetadata"},"locationId":"northamerica-northeast1","displayName":"Montréal"},{"name":"projects/vet-clinic-db-3b9ef/locations/northamerica-northeast2","labels":{"cloud.googleapis.com/location":"northamerica-northeast2","cloud.googleapis.com/region":"northamerica-northeast2"},"metadata":{"@type":"type.googleapis.com/google.firestore.admin.v1.LocationMetadata"},"locationId":"northamerica-northeast2","displayName":"Toronto"},{"name":"projects/vet-clinic-db-3b9ef/locations/northamerica-south1","labels":{"cloud.googleapis.com/location":"northamerica-south1","cloud.googleapis.com/region":"northamerica-south1"},"metadata":{"@type":"type.googleapis.com/google.firestore.admin.v1.LocationMetadata"},"locationId":"northamerica-south1","displayName":"Mexico"},{"name":"projects/vet-clinic-db-3b9ef/locations/southamerica-east1","labels":{"appengine.googleapis.com/region":"southamerica-east1","cloud.googleapis.com/location":"southamerica-east1","cloud.googleapis.com/region":"southamerica-east1"},"metadata":{"@type":"type.googleapis.com/google.firestore.admin.v1.LocationMetadata"},"locationId":"southamerica-east1","displayName":"São Paulo"},{"name":"projects/vet-clinic-db-3b9ef/locations/southamerica-west1","labels":{"cloud.googleapis.com/location":"southamerica-west1","cloud.googleapis.com/region":"southamerica-west1"},"metadata":{"@type":"type.googleapis.com/google.firestore.admin.v1.LocationMetadata"},"locationId":"southamerica-west1","displayName":"Santiago"},{"name":"projects/vet-clinic-db-3b9ef/locations/us-central1","labels":{"cloud.googleapis.com/location":"us-central1","cloud.googleapis.com/region":"us-central1"},"metadata":{"@type":"type.googleapis.com/google.firestore.admin.v1.LocationMetadata"},"locationId":"us-central1","displayName":"Iowa"},{"name":"projects/vet-clinic-db-3b9ef/locations/us-east1","labels":{"appengine.googleapis.com/region":"us-east1","cloud.googleapis.com/location":"us-east1","cloud.googleapis.com/region":"us-east1"},"metadata":{"@type":"type.googleapis.com/google.firestore.admin.v1.LocationMetadata"},"locationId":"us-east1","displayName":"South Carolina"},{"name":"projects/vet-clinic-db-3b9ef/locations/us-east4","labels":{"appengine.googleapis.com/region":"us-east4","cloud.googleapis.com/location":"us-east4","cloud.googleapis.com/region":"us-east4"},"metadata":{"@type":"type.googleapis.com/google.firestore.admin.v1.LocationMetadata"},"locationId":"us-east4","displayName":"Northern Virginia"},{"name":"projects/vet-clinic-db-3b9ef/locations/us-east5","labels":{"cloud.googleapis.com/location":"us-east5","cloud.googleapis.com/region":"us-east5"},"metadata":{"@type":"type.googleapis.com/google.firestore.admin.v1.LocationMetadata"},"locationId":"us-east5","displayName":"Columbus"},{"name":"projects/vet-clinic-db-3b9ef/locations/us-south1","labels":{"cloud.googleapis.com/location":"us-south1","cloud.googleapis.com/region":"us-south1"},"metadata":{"@type":"type.googleapis.com/google.firestore.admin.v1.LocationMetadata"},"locationId":"us-south1","displayName":"Dallas"},{"name":"projects/vet-clinic-db-3b9ef/locations/us-west1","labels":{"appengine.googleapis.com/region":"us-west1","cloud.googleapis.com/location":"us-west1","cloud.googleapis.com/region":"us-west1"},"metadata":{"@type":"type.googleapis.com/google.firestore.admin.v1.LocationMetadata"},"locationId":"us-west1","displayName":"Oregon"},{"name":"projects/vet-clinic-db-3b9ef/locations/us-west2","labels":{"appengine.googleapis.com/region":"us-west2","cloud.googleapis.com/location":"us-west2","cloud.googleapis.com/region":"us-west2"},"metadata":{"@type":"type.googleapis.com/google.firestore.admin.v1.LocationMetadata"},"locationId":"us-west2","displayName":"Los Angeles"},{"name":"projects/vet-clinic-db-3b9ef/locations/us-west3","labels":{"appengine.googleapis.com/region":"us-west3","cloud.googleapis.com/location":"us-west3","cloud.googleapis.com/region":"us-west3"},"metadata":{"@type":"type.googleapis.com/google.firestore.admin.v1.LocationMetadata"},"locationId":"us-west3","displayName":"Salt Lake City"},{"name":"projects/vet-clinic-db-3b9ef/locations/us-west4","labels":{"appengine.googleapis.com/region":"us-west4","cloud.googleapis.com/location":"us-west4","cloud.googleapis.com/region":"us-west4"},"metadata":{"@type":"type.googleapis.com/google.firestore.admin.v1.LocationMetadata"},"locationId":"us-west4","displayName":"Las Vegas"}]}
[info] 
[info] Firestore Security Rules allow you to define how and when to allow
[info] requests. You can keep these rules in your project directory
[info] and publish them with firebase deploy.
[info] 
[debug] [2026-01-04T09:40:59.319Z] Checked if tokens are valid: true, expires at: 1767523120923
[debug] [2026-01-04T09:40:59.319Z] Checked if tokens are valid: true, expires at: 1767523120923
[debug] [2026-01-04T09:40:59.319Z] >>> [apiv2][query] GET https://firebaserules.googleapis.com/v1/projects/vet-clinic-db-3b9ef/releases pageSize=10&pageToken=
[debug] [2026-01-04T09:41:00.986Z] <<< [apiv2][status] GET https://firebaserules.googleapis.com/v1/projects/vet-clinic-db-3b9ef/releases 200
[debug] [2026-01-04T09:41:00.986Z] <<< [apiv2][body] GET https://firebaserules.googleapis.com/v1/projects/vet-clinic-db-3b9ef/releases {}
[info] 
[info] Firestore indexes allow you to perform complex queries while
[info] maintaining performance that scales with the size of the result
[info] set. You can keep index definitions in your project directory
[info] and publish them with firebase deploy.
[info] 
[debug] [2026-01-04T09:41:02.494Z] Checked if tokens are valid: true, expires at: 1767523120923
[debug] [2026-01-04T09:41:02.494Z] Checked if tokens are valid: true, expires at: 1767523120923
[debug] [2026-01-04T09:41:02.494Z] Checked if tokens are valid: true, expires at: 1767523120923
[debug] [2026-01-04T09:41:02.494Z] Checked if tokens are valid: true, expires at: 1767523120923
[debug] [2026-01-04T09:41:02.494Z] >>> [apiv2][query] GET https://firestore.googleapis.com/v1/projects/vet-clinic-db-3b9ef/databases/(default)/collectionGroups/-/indexes [none]
[debug] [2026-01-04T09:41:02.496Z] >>> [apiv2][query] GET https://firestore.googleapis.com/v1/projects/vet-clinic-db-3b9ef/databases/(default)/collectionGroups/-/fields?filter=indexConfig.usesAncestorConfig=false OR ttlConfig:* [none]
[debug] [2026-01-04T09:41:02.804Z] <<< [apiv2][status] GET https://firestore.googleapis.com/v1/projects/vet-clinic-db-3b9ef/databases/(default)/collectionGroups/-/fields?filter=indexConfig.usesAncestorConfig=false OR ttlConfig:* 404
[debug] [2026-01-04T09:41:02.804Z] <<< [apiv2][body] GET https://firestore.googleapis.com/v1/projects/vet-clinic-db-3b9ef/databases/(default)/collectionGroups/-/fields?filter=indexConfig.usesAncestorConfig=false OR ttlConfig:* {"error":{"code":404,"message":"Project 'vet-clinic-db-3b9ef' or database '(default)' does not exist.","status":"NOT_FOUND"}}
[info] +  Wrote firestore.rules 
[info] +  Wrote firestore.indexes.json 
[info] 
=== Genkit Setup
[debug] [2026-01-04T09:41:02.844Z] <<< [apiv2][status] GET https://firestore.googleapis.com/v1/projects/vet-clinic-db-3b9ef/databases/(default)/collectionGroups/-/indexes 404
[debug] [2026-01-04T09:41:02.845Z] <<< [apiv2][body] GET https://firestore.googleapis.com/v1/projects/vet-clinic-db-3b9ef/databases/(default)/collectionGroups/-/indexes {"error":{"code":404,"message":"Project 'vet-clinic-db-3b9ef' or database '(default)' does not exist.","status":"NOT_FOUND"}}
[debug] [2026-01-04T09:41:10.179Z] > command requires scopes: ["email","openid","https://www.googleapis.com/auth/cloudplatformprojects.readonly","https://www.googleapis.com/auth/firebase","https://www.googleapis.com/auth/cloud-platform"]
[debug] [2026-01-04T09:41:10.179Z] > authorizing via signed-in user (nimeshkolambage@gmail.com)
[debug] [2026-01-04T09:41:10.179Z] [iam] checking project vet-clinic-db-3b9ef for permissions ["firebase.projects.get"]
[debug] [2026-01-04T09:41:10.180Z] Checked if tokens are valid: true, expires at: 1767523120923
[debug] [2026-01-04T09:41:10.180Z] Checked if tokens are valid: true, expires at: 1767523120923
[debug] [2026-01-04T09:41:10.180Z] >>> [apiv2][query] POST https://cloudresourcemanager.googleapis.com/v1/projects/vet-clinic-db-3b9ef:testIamPermissions [none]
[debug] [2026-01-04T09:41:10.180Z] >>> [apiv2][(partial)header] POST https://cloudresourcemanager.googleapis.com/v1/projects/vet-clinic-db-3b9ef:testIamPermissions x-goog-quota-user=projects/vet-clinic-db-3b9ef
[debug] [2026-01-04T09:41:10.180Z] >>> [apiv2][body] POST https://cloudresourcemanager.googleapis.com/v1/projects/vet-clinic-db-3b9ef:testIamPermissions {"permissions":["firebase.projects.get"]}
[debug] [2026-01-04T09:41:11.820Z] <<< [apiv2][status] POST https://cloudresourcemanager.googleapis.com/v1/projects/vet-clinic-db-3b9ef:testIamPermissions 200
[debug] [2026-01-04T09:41:11.820Z] <<< [apiv2][body] POST https://cloudresourcemanager.googleapis.com/v1/projects/vet-clinic-db-3b9ef:testIamPermissions {"permissions":["firebase.projects.get"]}
[debug] [2026-01-04T09:41:11.821Z] Checked if tokens are valid: true, expires at: 1767523120923
[debug] [2026-01-04T09:41:11.821Z] Checked if tokens are valid: true, expires at: 1767523120923
[debug] [2026-01-04T09:41:11.821Z] Checked if tokens are valid: true, expires at: 1767523120923
[debug] [2026-01-04T09:41:11.821Z] Checked if tokens are valid: true, expires at: 1767523120923
[debug] [2026-01-04T09:41:11.821Z] >>> [apiv2][query] GET https://serviceusage.googleapis.com/v1/projects/vet-clinic-db-3b9ef/services/cloudfunctions.googleapis.com [none]
[debug] [2026-01-04T09:41:11.821Z] >>> [apiv2][(partial)header] GET https://serviceusage.googleapis.com/v1/projects/vet-clinic-db-3b9ef/services/cloudfunctions.googleapis.com x-goog-quota-user=projects/vet-clinic-db-3b9ef
[debug] [2026-01-04T09:41:11.822Z] >>> [apiv2][query] GET https://serviceusage.googleapis.com/v1/projects/vet-clinic-db-3b9ef/services/runtimeconfig.googleapis.com [none]
[debug] [2026-01-04T09:41:11.822Z] >>> [apiv2][(partial)header] GET https://serviceusage.googleapis.com/v1/projects/vet-clinic-db-3b9ef/services/runtimeconfig.googleapis.com x-goog-quota-user=projects/vet-clinic-db-3b9ef
[debug] [2026-01-04T09:41:13.678Z] <<< [apiv2][status] GET https://serviceusage.googleapis.com/v1/projects/vet-clinic-db-3b9ef/services/cloudfunctions.googleapis.com 200
[debug] [2026-01-04T09:41:13.678Z] <<< [apiv2][body] GET https://serviceusage.googleapis.com/v1/projects/vet-clinic-db-3b9ef/services/cloudfunctions.googleapis.com [omitted]
[debug] [2026-01-04T09:41:13.678Z] Checked if tokens are valid: true, expires at: 1767523120923
[debug] [2026-01-04T09:41:13.678Z] Checked if tokens are valid: true, expires at: 1767523120923
[debug] [2026-01-04T09:41:13.678Z] >>> [apiv2][query] POST https://serviceusage.googleapis.com/v1/projects/vet-clinic-db-3b9ef/services/cloudfunctions.googleapis.com:enable [none]
[debug] [2026-01-04T09:41:13.678Z] >>> [apiv2][(partial)header] POST https://serviceusage.googleapis.com/v1/projects/vet-clinic-db-3b9ef/services/cloudfunctions.googleapis.com:enable x-goog-quota-user=projects/vet-clinic-db-3b9ef
[debug] [2026-01-04T09:41:13.707Z] <<< [apiv2][status] GET https://serviceusage.googleapis.com/v1/projects/vet-clinic-db-3b9ef/services/runtimeconfig.googleapis.com 200
[debug] [2026-01-04T09:41:13.707Z] <<< [apiv2][body] GET https://serviceusage.googleapis.com/v1/projects/vet-clinic-db-3b9ef/services/runtimeconfig.googleapis.com [omitted]
[debug] [2026-01-04T09:41:15.551Z] <<< [apiv2][status] POST https://serviceusage.googleapis.com/v1/projects/vet-clinic-db-3b9ef/services/cloudfunctions.googleapis.com:enable 200
[debug] [2026-01-04T09:41:15.551Z] <<< [apiv2][body] POST https://serviceusage.googleapis.com/v1/projects/vet-clinic-db-3b9ef/services/cloudfunctions.googleapis.com:enable [omitted]
[info] Let's create a new codebase for your functions.
[info] A directory corresponding to the codebase will be created in your project
[info] with sample code pre-configured.

[info] See https://firebase.google.com/docs/functions/organize-functions for
[info] more information on organizing your functions using codebases.

[info] Functions can be deployed with firebase deploy.

